Determining if the Q_WS_X11 exist failed with the following output:
Change Dir: /Users/kanahanin/Documents/hyperion/cmake/CMakeFiles/CMakeTmp

Run Build Command(s):/usr/bin/make cmTC_71383/fast && /Library/Developer/CommandLineTools/usr/bin/make -f CMakeFiles/cmTC_71383.dir/build.make CMakeFiles/cmTC_71383.dir/build
Building CXX object CMakeFiles/cmTC_71383.dir/CheckSymbolExists.cxx.o
/Library/Developer/CommandLineTools/usr/bin/c++   -I/usr/local/anaconda3/include/qt -F/usr/local/lib  -std=c++0x -Wall  -isysroot /Library/Developer/CommandLineTools/SDKs/MacOSX10.14.sdk   -o CMakeFiles/cmTC_71383.dir/CheckSymbolExists.cxx.o -c /Users/kanahanin/Documents/hyperion/cmake/CMakeFiles/CMakeTmp/CheckSymbolExists.cxx
/Users/kanahanin/Documents/hyperion/cmake/CMakeFiles/CMakeTmp/CheckSymbolExists.cxx:8:19: error: use of undeclared identifier 'Q_WS_X11'
  return ((int*)(&Q_WS_X11))[argc];
                  ^
1 error generated.
make[1]: *** [CMakeFiles/cmTC_71383.dir/CheckSymbolExists.cxx.o] Error 1
make: *** [cmTC_71383/fast] Error 2


File /Users/kanahanin/Documents/hyperion/cmake/CMakeFiles/CMakeTmp/CheckSymbolExists.cxx:
/* */
#include <QtCore/qglobal.h>

int main(int argc, char** argv)
{
  (void)argv;
#ifndef Q_WS_X11
  return ((int*)(&Q_WS_X11))[argc];
#else
  (void)argc;
  return 0;
#endif
}

Determining if the Q_WS_WIN exist failed with the following output:
Change Dir: /Users/kanahanin/Documents/hyperion/cmake/CMakeFiles/CMakeTmp

Run Build Command(s):/usr/bin/make cmTC_144df/fast && /Library/Developer/CommandLineTools/usr/bin/make -f CMakeFiles/cmTC_144df.dir/build.make CMakeFiles/cmTC_144df.dir/build
Building CXX object CMakeFiles/cmTC_144df.dir/CheckSymbolExists.cxx.o
/Library/Developer/CommandLineTools/usr/bin/c++   -I/usr/local/anaconda3/include/qt -F/usr/local/lib  -std=c++0x -Wall  -isysroot /Library/Developer/CommandLineTools/SDKs/MacOSX10.14.sdk   -o CMakeFiles/cmTC_144df.dir/CheckSymbolExists.cxx.o -c /Users/kanahanin/Documents/hyperion/cmake/CMakeFiles/CMakeTmp/CheckSymbolExists.cxx
/Users/kanahanin/Documents/hyperion/cmake/CMakeFiles/CMakeTmp/CheckSymbolExists.cxx:8:19: error: use of undeclared identifier 'Q_WS_WIN'
  return ((int*)(&Q_WS_WIN))[argc];
                  ^
1 error generated.
make[1]: *** [CMakeFiles/cmTC_144df.dir/CheckSymbolExists.cxx.o] Error 1
make: *** [cmTC_144df/fast] Error 2


File /Users/kanahanin/Documents/hyperion/cmake/CMakeFiles/CMakeTmp/CheckSymbolExists.cxx:
/* */
#include <QtCore/qglobal.h>

int main(int argc, char** argv)
{
  (void)argv;
#ifndef Q_WS_WIN
  return ((int*)(&Q_WS_WIN))[argc];
#else
  (void)argc;
  return 0;
#endif
}

Determining if the Q_WS_QWS exist failed with the following output:
Change Dir: /Users/kanahanin/Documents/hyperion/cmake/CMakeFiles/CMakeTmp

Run Build Command(s):/usr/bin/make cmTC_9bc71/fast && /Library/Developer/CommandLineTools/usr/bin/make -f CMakeFiles/cmTC_9bc71.dir/build.make CMakeFiles/cmTC_9bc71.dir/build
Building CXX object CMakeFiles/cmTC_9bc71.dir/CheckSymbolExists.cxx.o
/Library/Developer/CommandLineTools/usr/bin/c++   -I/usr/local/anaconda3/include/qt -F/usr/local/lib  -std=c++0x -Wall  -isysroot /Library/Developer/CommandLineTools/SDKs/MacOSX10.14.sdk   -o CMakeFiles/cmTC_9bc71.dir/CheckSymbolExists.cxx.o -c /Users/kanahanin/Documents/hyperion/cmake/CMakeFiles/CMakeTmp/CheckSymbolExists.cxx
/Users/kanahanin/Documents/hyperion/cmake/CMakeFiles/CMakeTmp/CheckSymbolExists.cxx:8:19: error: use of undeclared identifier 'Q_WS_QWS'
  return ((int*)(&Q_WS_QWS))[argc];
                  ^
1 error generated.
make[1]: *** [CMakeFiles/cmTC_9bc71.dir/CheckSymbolExists.cxx.o] Error 1
make: *** [cmTC_9bc71/fast] Error 2


File /Users/kanahanin/Documents/hyperion/cmake/CMakeFiles/CMakeTmp/CheckSymbolExists.cxx:
/* */
#include <QtCore/qglobal.h>

int main(int argc, char** argv)
{
  (void)argv;
#ifndef Q_WS_QWS
  return ((int*)(&Q_WS_QWS))[argc];
#else
  (void)argc;
  return 0;
#endif
}

Determining if the Q_WS_MAC exist failed with the following output:
Change Dir: /Users/kanahanin/Documents/hyperion/cmake/CMakeFiles/CMakeTmp

Run Build Command(s):/usr/bin/make cmTC_63cd6/fast && /Library/Developer/CommandLineTools/usr/bin/make -f CMakeFiles/cmTC_63cd6.dir/build.make CMakeFiles/cmTC_63cd6.dir/build
Building CXX object CMakeFiles/cmTC_63cd6.dir/CheckSymbolExists.cxx.o
/Library/Developer/CommandLineTools/usr/bin/c++   -I/usr/local/anaconda3/include/qt -F/usr/local/lib  -std=c++0x -Wall  -isysroot /Library/Developer/CommandLineTools/SDKs/MacOSX10.14.sdk   -o CMakeFiles/cmTC_63cd6.dir/CheckSymbolExists.cxx.o -c /Users/kanahanin/Documents/hyperion/cmake/CMakeFiles/CMakeTmp/CheckSymbolExists.cxx
/Users/kanahanin/Documents/hyperion/cmake/CMakeFiles/CMakeTmp/CheckSymbolExists.cxx:8:19: error: use of undeclared identifier 'Q_WS_MAC'
  return ((int*)(&Q_WS_MAC))[argc];
                  ^
1 error generated.
make[1]: *** [CMakeFiles/cmTC_63cd6.dir/CheckSymbolExists.cxx.o] Error 1
make: *** [cmTC_63cd6/fast] Error 2


File /Users/kanahanin/Documents/hyperion/cmake/CMakeFiles/CMakeTmp/CheckSymbolExists.cxx:
/* */
#include <QtCore/qglobal.h>

int main(int argc, char** argv)
{
  (void)argv;
#ifndef Q_WS_MAC
  return ((int*)(&Q_WS_MAC))[argc];
#else
  (void)argc;
  return 0;
#endif
}

